<?xml version="1.0" encoding="UTF-8"?>
<!-- Generated by org.testng.reporters.JUnitXMLReporter -->
<testsuite hostname="LAPTOP-UDOD7SLT" ignored="0" name="Test" tests="5" failures="3" timestamp="26 Aug 2021 20:28:15 GMT" time="62.753" errors="0">
  <testcase name="ClickOnButton" time="5.593" classname="Test.GetQueryTest">
    <failure type="java.lang.NullPointerException">
      <![CDATA[java.lang.NullPointerException
at Test.GetQueryTest.ClickOnButton(GetQueryTest.java:27)
... Removed 25 stack frames]]>
    </failure>
  </testcase> <!-- ClickOnButton -->
  <testcase name="openUrl" time="1.719" classname="Test.HomePageTest"/>
  <testcase name="openUrl" time="1.727" classname="Test.HomePageTest">
    <failure type="java.lang.NullPointerException">
      <![CDATA[java.lang.NullPointerException
at config.Listeners.onTestSuccess(Listeners.java:76)
... Removed 22 stack frames]]>
    </failure>
  </testcase> <!-- openUrl -->
  <testcase name="validateTitle" time="0.067" classname="Test.HomePageTest"/>
  <testcase name="validateTitle" time="0.072" classname="Test.HomePageTest">
    <failure type="java.lang.NullPointerException">
      <![CDATA[java.lang.NullPointerException
at config.Listeners.onTestSuccess(Listeners.java:76)
... Removed 22 stack frames]]>
    </failure>
  </testcase> <!-- validateTitle -->
</testsuite> <!-- Test -->
