<?xml version="1.0" encoding="UTF-8"?>
<!-- Generated by org.testng.reporters.JUnitXMLReporter -->
<testsuite hostname="LAPTOP-UDOD7SLT" ignored="0" name="Test" tests="5" failures="1" timestamp="28 Aug 2021 06:21:05 GMT" time="169.407" errors="0">
  <testcase name="openUrl" time="5.871" classname="Test.HomePageTest"/>
  <testcase name="validateTitle" time="0.073" classname="Test.HomePageTest">
    <failure type="java.lang.AssertionError" message="expected [Googlemm] but found [Google]">
      <![CDATA[java.lang.AssertionError: expected [Googlemm] but found [Google]
at Test.HomePageTest.validateTitle(HomePageTest.java:36)
... Removed 31 stack frames]]>
    </failure>
  </testcase> <!-- validateTitle -->
  <testcase name="ClickOnButton" time="0.296" classname="Test.GetQueryTest"/>
  <testcase name="search" time="1.369" classname="Test.ClickAndSearchTest"/>
  <testcase name="click" time="0.035" classname="Test.ClickAndSearchTest"/>
</testsuite> <!-- Test -->
