<?xml version="1.0" encoding="UTF-8"?>
<testng-results skipped="0" failed="0" ignored="0" total="5" passed="5">
  <reporter-output>
  </reporter-output>
  <suite name="Suite" duration-ms="104916" started-at="2021-08-27T16:36:13Z" finished-at="2021-08-27T16:37:58Z">
    <groups>
    </groups>
    <test name="Test" duration-ms="104916" started-at="2021-08-27T16:36:13Z" finished-at="2021-08-27T16:37:58Z">
      <class name="Test.HomePageTest">
        <test-method status="PASS" signature="set()[pri:0, instance:Test.HomePageTest@77caeb3e]" name="set" is-config="true" duration-ms="37971" started-at="2021-08-27T16:36:27Z" finished-at="2021-08-27T16:37:05Z">
          <reporter-output>
          </reporter-output>
        </test-method> <!-- set -->
        <test-method status="PASS" signature="openUrl()[pri:0, instance:Test.HomePageTest@77caeb3e]" name="openUrl" duration-ms="4555" started-at="2021-08-27T16:37:05Z" finished-at="2021-08-27T16:37:10Z">
          <reporter-output>
          </reporter-output>
        </test-method> <!-- openUrl -->
        <test-method status="PASS" signature="validateTitle()[pri:0, instance:Test.HomePageTest@77caeb3e]" name="validateTitle" duration-ms="1589" started-at="2021-08-27T16:37:10Z" finished-at="2021-08-27T16:37:12Z">
          <reporter-output>
          </reporter-output>
        </test-method> <!-- validateTitle -->
        <test-method status="PASS" signature="close()[pri:0, instance:Test.HomePageTest@77caeb3e]" name="close" is-config="true" duration-ms="1453" started-at="2021-08-27T16:37:12Z" finished-at="2021-08-27T16:37:13Z">
          <reporter-output>
          </reporter-output>
        </test-method> <!-- close -->
      </class> <!-- Test.HomePageTest -->
      <class name="Test.ClickAndSearchTest">
        <test-method status="PASS" signature="init()[pri:0, instance:Test.ClickAndSearchTest@42d80b78]" name="init" is-config="true" duration-ms="20895" started-at="2021-08-27T16:37:34Z" finished-at="2021-08-27T16:37:55Z">
          <reporter-output>
          </reporter-output>
        </test-method> <!-- init -->
        <test-method status="PASS" signature="search()[pri:1, instance:Test.ClickAndSearchTest@42d80b78]" name="search" duration-ms="559" started-at="2021-08-27T16:37:55Z" finished-at="2021-08-27T16:37:55Z">
          <reporter-output>
          </reporter-output>
        </test-method> <!-- search -->
        <test-method status="PASS" signature="click()[pri:2, instance:Test.ClickAndSearchTest@42d80b78]" name="click" duration-ms="30" started-at="2021-08-27T16:37:55Z" finished-at="2021-08-27T16:37:55Z">
          <reporter-output>
          </reporter-output>
        </test-method> <!-- click -->
        <test-method status="PASS" signature="close()[pri:0, instance:Test.ClickAndSearchTest@42d80b78]" name="close" is-config="true" duration-ms="2565" started-at="2021-08-27T16:37:55Z" finished-at="2021-08-27T16:37:58Z">
          <reporter-output>
          </reporter-output>
        </test-method> <!-- close -->
      </class> <!-- Test.ClickAndSearchTest -->
      <class name="Test.GetQueryTest">
        <test-method status="PASS" signature="setup()[pri:0, instance:Test.GetQueryTest@1e88b3c]" name="setup" is-config="true" duration-ms="19268" started-at="2021-08-27T16:37:13Z" finished-at="2021-08-27T16:37:32Z">
          <reporter-output>
          </reporter-output>
        </test-method> <!-- setup -->
        <test-method status="PASS" signature="ClickOnButton()[pri:0, instance:Test.GetQueryTest@1e88b3c]" name="ClickOnButton" duration-ms="36" started-at="2021-08-27T16:37:32Z" finished-at="2021-08-27T16:37:32Z">
          <reporter-output>
          </reporter-output>
        </test-method> <!-- ClickOnButton -->
        <test-method status="PASS" signature="close()[pri:0, instance:Test.GetQueryTest@1e88b3c]" name="close" is-config="true" duration-ms="1343" started-at="2021-08-27T16:37:32Z" finished-at="2021-08-27T16:37:34Z">
          <reporter-output>
          </reporter-output>
        </test-method> <!-- close -->
      </class> <!-- Test.GetQueryTest -->
    </test> <!-- Test -->
  </suite> <!-- Suite -->
</testng-results>
